<persistence xmlns:xsi="http://www.w3.org/2001/XMLSchema-instance"
						 version="1.0"
						 xmlns="http://java.sun.com/xml/ns/persistence"
						 xsi:schemaLocation="http://java.sun.com/xml/ns/persistence http://xmlns.jcp.org/xml/ns/persistence/persistence_2_1.xsd">

	<persistence-unit name="persistenceUnitJdbc">
		<provider>org.hibernate.jpa.HibernatePersistenceProvider</provider>
		<class>ch.post.it.evoting.votingserver.electioninformation.services.domain.model.castcode.VoteCastCode</class>
		<class>ch.post.it.evoting.votingserver.electioninformation.services.domain.model.content.ElectionInformationContent</class>
		<class>ch.post.it.evoting.votingserver.electioninformation.services.domain.model.ballotbox.BallotBoxInformation</class>
		<class>ch.post.it.evoting.votingserver.electioninformation.services.domain.model.ballotbox.BallotBoxContent</class>
		<class>ch.post.it.evoting.votingserver.electioninformation.services.domain.model.ballotbox.BallotBox</class>
		<class>ch.post.it.evoting.votingserver.electioninformation.services.domain.model.ballotbox.CleansedBallotBox</class>
		<class>ch.post.it.evoting.votingserver.electioninformation.services.domain.model.content.ElectionPublicKey</class>
		<class>ch.post.it.evoting.votingserver.electioninformation.services.domain.model.tenant.TenantKeystore</class>
		<class>ch.post.it.evoting.votingserver.electioninformation.services.domain.model.platform.PlatformCertificate</class>
		<class>ch.post.it.evoting.votingserver.electioninformation.services.domain.model.vote.SuccessfulVote</class>
		<properties>
			<property name="hibernate.hbm2ddl.auto" value="create-drop"/>
			<property name="hibernate.dialect" value="org.hibernate.dialect.HSQLDialect"/>
			<property name="hibernate.show_sql" value="false"/>
			<property name="hibernate.format_sql" value="false"/>
			<property name="hibernate.transaction.flush_before_completion" value="true"/>
			<property name="hibernate.cache.provider_class" value="org.hibernate.cache.HashtableCacheProvider"/>
		</properties>
	</persistence-unit>

</persistence>
