<persistence xmlns:xsi="http://www.w3.org/2001/XMLSchema-instance"
						 version="1.0"
						 xmlns="http://java.sun.com/xml/ns/persistence"
						 xsi:schemaLocation="http://java.sun.com/xml/ns/persistence http://xmlns.jcp.org/xml/ns/persistence/persistence_2_1.xsd">
	<persistence-unit name="persistenceUnitJdbc">

		<provider>org.hibernate.jpa.HibernatePersistenceProvider</provider>
		<class>ch.post.it.evoting.votingserver.voteverification.domain.model.verificationset.VerificationSetEntity</class>
		<class>ch.post.it.evoting.votingserver.voteverification.domain.model.content.VerificationContent</class>
		<class>ch.post.it.evoting.votingserver.voteverification.domain.model.verification.Verification</class>
		<class>ch.post.it.evoting.votingserver.voteverification.domain.model.content.CodesMapping</class>
		<class>ch.post.it.evoting.votingserver.voteverification.domain.model.content.ElectionPublicKey</class>
		<class>ch.post.it.evoting.votingserver.voteverification.domain.model.tenant.TenantKeystore</class>
		<class>ch.post.it.evoting.votingserver.voteverification.domain.model.verification.VerificationDerivedKeys</class>
		<properties>
			<property name="hibernate.hbm2ddl.auto" value="create-drop"/>
			<property name="hibernate.dialect" value="org.hibernate.dialect.HSQLDialect"/>
			<property name="hibernate.show_sql" value="true"/>
			<property name="hibernate.format_sql" value="true"/>
			<property name="hibernate.transaction.flush_before_completion" value="true"/>
			<property name="hibernate.cache.provider_class" value="org.hibernate.cache.HashtableCacheProvider"/>
		</properties>
	</persistence-unit>
</persistence>
